[22:49:48] [F-S-S/INFO] -----------------------------------------------
[22:49:48] [F-S-S/INFO] FORGE-Server-Starter
[22:49:48] [F-S-S/INFO] Now support MinecraftForge and NeoForged
[22:49:48] [F-S-S/INFO] 
[22:49:48] [F-S-S/INFO] By HellBz.de
[22:49:48] [F-S-S/INFO] 
[22:49:48] [F-S-S/INFO] -----------------------------------------------
[22:49:48] [F-S-S/INFO] Checking System ...
[22:49:48] [F-S-S/DEBUG] sun.cpu.isalist:amd64
[22:49:48] [F-S-S/DEBUG] sun.desktop:windows
[22:49:48] [F-S-S/DEBUG] sun.io.unicode.encoding:UnicodeLittle
[22:49:48] [F-S-S/DEBUG] sun.cpu.endian:little
[22:49:48] [F-S-S/DEBUG] java.vendor.url.bug:http://bugreport.sun.com/bugreport/
[22:49:48] [F-S-S/DEBUG] file.separator:\
[22:49:48] [F-S-S/DEBUG] java.vendor:Oracle Corporation
[22:49:48] [F-S-S/DEBUG] sun.boot.class.path:C:\Program Files\Java\jdk1.8.0_341\jre\lib\resources.jar;C:\Program Files\Java\jdk1.8.0_341\jre\lib\rt.jar;C:\Program Files\Java\jdk1.8.0_341\jre\lib\jsse.jar;C:\Program Files\Java\jdk1.8.0_341\jre\lib\jce.jar;C:\Program Files\Java\jdk1.8.0_341\jre\lib\charsets.jar;C:\Program Files\Java\jdk1.8.0_341\jre\lib\jfr.jar;C:\Program Files\Java\jdk1.8.0_341\jre\classes
[22:49:48] [F-S-S/DEBUG] java.ext.dirs:C:\Program Files\Java\jdk1.8.0_341\jre\lib\ext;C:\WINDOWS\Sun\Java\lib\ext
[22:49:48] [F-S-S/DEBUG] java.version:1.8.0_341
[22:49:48] [F-S-S/DEBUG] java.vm.info:mixed mode
[22:49:48] [F-S-S/DEBUG] awt.toolkit:sun.awt.windows.WToolkit
[22:49:48] [F-S-S/DEBUG] user.language:de
[22:49:48] [F-S-S/DEBUG] java.specification.vendor:Oracle Corporation
[22:49:48] [F-S-S/DEBUG] sun.java.command:de.hellbz.forge.ServerStarter
[22:49:48] [F-S-S/DEBUG] java.home:C:\Program Files\Java\jdk1.8.0_341\jre
[22:49:48] [F-S-S/DEBUG] sun.arch.data.model:64
[22:49:48] [F-S-S/DEBUG] java.vm.specification.version:1.8
[22:49:48] [F-S-S/DEBUG] java.class.path:C:\Program Files\Java\jdk1.8.0_341\jre\lib\charsets.jar;C:\Program Files\Java\jdk1.8.0_341\jre\lib\deploy.jar;C:\Program Files\Java\jdk1.8.0_341\jre\lib\ext\access-bridge-64.jar;C:\Program Files\Java\jdk1.8.0_341\jre\lib\ext\cldrdata.jar;C:\Program Files\Java\jdk1.8.0_341\jre\lib\ext\dnsns.jar;C:\Program Files\Java\jdk1.8.0_341\jre\lib\ext\jaccess.jar;C:\Program Files\Java\jdk1.8.0_341\jre\lib\ext\jfxrt.jar;C:\Program Files\Java\jdk1.8.0_341\jre\lib\ext\localedata.jar;C:\Program Files\Java\jdk1.8.0_341\jre\lib\ext\nashorn.jar;C:\Program Files\Java\jdk1.8.0_341\jre\lib\ext\sunec.jar;C:\Program Files\Java\jdk1.8.0_341\jre\lib\ext\sunjce_provider.jar;C:\Program Files\Java\jdk1.8.0_341\jre\lib\ext\sunmscapi.jar;C:\Program Files\Java\jdk1.8.0_341\jre\lib\ext\sunpkcs11.jar;C:\Program Files\Java\jdk1.8.0_341\jre\lib\ext\zipfs.jar;C:\Program Files\Java\jdk1.8.0_341\jre\lib\javaws.jar;C:\Program Files\Java\jdk1.8.0_341\jre\lib\jce.jar;C:\Program Files\Java\jdk1.8.0_341\jre\lib\jfr.jar;C:\Program Files\Java\jdk1.8.0_341\jre\lib\jfxswt.jar;C:\Program Files\Java\jdk1.8.0_341\jre\lib\jsse.jar;C:\Program Files\Java\jdk1.8.0_341\jre\lib\management-agent.jar;C:\Program Files\Java\jdk1.8.0_341\jre\lib\plugin.jar;C:\Program Files\Java\jdk1.8.0_341\jre\lib\resources.jar;C:\Program Files\Java\jdk1.8.0_341\jre\lib\rt.jar;D:\GIT\forge-server-starter_old\out\production\Forge-Server-Starter;D:\GIT\forge-server-starter_old\libs\json-20230618.jar;D:\GIT\forge-server-starter_old\libs\jsoup-1.17.2.jar;C:\Program Files\JetBrains\IntelliJ IDEA Community Edition 2022.2.2\lib\idea_rt.jar
[22:49:48] [F-S-S/DEBUG] user.name:HellBz
[22:49:48] [F-S-S/DEBUG] file.encoding:UTF-8
[22:49:48] [F-S-S/DEBUG] java.specification.version:1.8
[22:49:48] [F-S-S/DEBUG] java.awt.printerjob:sun.awt.windows.WPrinterJob
[22:49:48] [F-S-S/DEBUG] user.timezone:Europe/Berlin
[22:49:48] [F-S-S/DEBUG] user.home:C:\Users\HellBz
[22:49:48] [F-S-S/DEBUG] os.version:10.0
[22:49:48] [F-S-S/DEBUG] sun.management.compiler:HotSpot 64-Bit Tiered Compilers
[22:49:48] [F-S-S/DEBUG] java.specification.name:Java Platform API Specification
[22:49:48] [F-S-S/DEBUG] java.class.version:52.0
[22:49:48] [F-S-S/DEBUG] java.library.path:C:\Program Files\Java\jdk1.8.0_341\bin;C:\WINDOWS\Sun\Java\bin;C:\WINDOWS\system32;C:\WINDOWS;C:\Program Files\Common Files\Oracle\Java\javapath;C:\Program Files (x86)\Common Files\Oracle\Java\javapath;C:\Program Files (x86)\Common Files\Intel\Shared Libraries\redist\intel64\compiler;C:\Windows\system32;C:\Windows;C:\Windows\System32\Wbem;C:\Windows\System32\WindowsPowerShell\v1.0\;C:\Windows\System32\OpenSSH\;C:\Program Files (x86)\NVIDIA Corporation\PhysX\Common;C:\Program Files\NVIDIA Corporation\NVIDIA NvDLISR;C:\Program Files\Docker\Docker\resources\bin;C:\ProgramData\DockerDesktop\version-bin;C:\Program Files\PuTTY\;C:\Program Files\Git\cmd;C:\Program Files\Lumia Stream\commands;C:\Program Files (x86)\AOMEI\AOMEI Backupper\7.2.0;C:\Program Files (x86)\Paragon Software\LinuxFS for Windows\;C:\WINDOWS\system32;C:\WINDOWS;C:\WINDOWS\System32\Wbem;C:\WINDOWS\System32\WindowsPowerShell\v1.0\;C:\WINDOWS\System32\OpenSSH\;C:\Program Files\nodejs\;C:\Program Files\dotnet\;C:\Users\HellBz\AppData\Local\Programs\Python\Launcher\;C:\Users\HellBz\AppData\Local\Microsoft\WindowsApps;C:\Program Files\JetBrains\IntelliJ IDEA Community Edition 2022.2.2\bin;;C:\Users\HellBz\AppData\Local\Programs\Microsoft VS Code\bin;C:\Users\HellBz\AppData\Local\GitHubDesktop\bin;C:\ffmpeg\bin;C:\Users\HellBz\AppData\Roaming\npm;.
[22:49:48] [F-S-S/DEBUG] sun.jnu.encoding:Cp1252
[22:49:48] [F-S-S/DEBUG] os.name:Windows 11
[22:49:48] [F-S-S/DEBUG] user.variant:
[22:49:48] [F-S-S/DEBUG] java.vm.specification.vendor:Oracle Corporation
[22:49:48] [F-S-S/DEBUG] java.io.tmpdir:C:\Users\HellBz\AppData\Local\Temp\
[22:49:48] [F-S-S/DEBUG] line.separator:

[22:49:48] [F-S-S/DEBUG] java.endorsed.dirs:C:\Program Files\Java\jdk1.8.0_341\jre\lib\endorsed
[22:49:48] [F-S-S/DEBUG] os.arch:amd64
[22:49:48] [F-S-S/DEBUG] java.awt.graphicsenv:sun.awt.Win32GraphicsEnvironment
[22:49:48] [F-S-S/DEBUG] java.runtime.version:1.8.0_341-b10
[22:49:48] [F-S-S/DEBUG] java.vm.specification.name:Java Virtual Machine Specification
[22:49:48] [F-S-S/DEBUG] user.dir:D:\GIT\forge-server-starter_old
[22:49:48] [F-S-S/DEBUG] user.country:DE
[22:49:48] [F-S-S/DEBUG] user.script:
[22:49:48] [F-S-S/DEBUG] sun.java.launcher:SUN_STANDARD
[22:49:48] [F-S-S/DEBUG] sun.os.patch.level:
[22:49:48] [F-S-S/DEBUG] java.vm.name:Java HotSpot(TM) 64-Bit Server VM
[22:49:48] [F-S-S/DEBUG] file.encoding.pkg:sun.io
[22:49:48] [F-S-S/DEBUG] path.separator:;
[22:49:48] [F-S-S/DEBUG] java.vm.vendor:Oracle Corporation
[22:49:48] [F-S-S/DEBUG] java.vendor.url:http://java.oracle.com/
[22:49:48] [F-S-S/DEBUG] sun.boot.library.path:C:\Program Files\Java\jdk1.8.0_341\jre\bin
[22:49:48] [F-S-S/DEBUG] java.vm.version:25.341-b10
[22:49:48] [F-S-S/DEBUG] java.runtime.name:Java(TM) SE Runtime Environment
[22:49:48] [F-S-S/DEBUG] server_starter.conf: {debug=true, java_path=java, log_to_file=true, timezone=UTC}
[22:49:48] [F-S-S/DEBUG] STARTUP-PARAMETER: [-javaagent:C:\Program Files\JetBrains\IntelliJ IDEA Community Edition 2022.2.2\lib\idea_rt.jar=62911:C:\Program Files\JetBrains\IntelliJ IDEA Community Edition 2022.2.2\bin, -Dfile.encoding=UTF-8]
[22:49:48] [F-S-S/DEBUG] STARTUP-ARGS: []
[22:49:48] [F-S-S/DEBUG] DIRECTORY: D:\GIT\forge-server-starter_old
[22:49:48] [F-S-S/DEBUG] -----------------------------------------------
[22:49:49] [F-S-S/DEBUG] []
[22:49:49] [F-S-S/WARNING] PLS use -Xmx and -Xms for start up this script.
